(?<host>\S*) (?<clock>{.*})\n(?<event>.*)

PID-1-G-1-main.main {"PID-1-G-1-main.main":1}
INIT
PID-1-G-1-main.main {"PID-1-G-1-main.main":2}
SCHEDULE GoID 1 Status running
PID-1-G-4-main.foo {"PID-1-G-4-main.foo":1}
THREAD GoID 4 Status runnable
PID-1-G-5-main.bar {"PID-1-G-5-main.bar":1}
THREAD GoID 5 Status runnable
PID-1-G-1-main.main {"PID-1-G-1-main.main":3}
SCHEDULE GoID 5 Status runnable
PID-1-G-5-main.bar {"PID-1-G-1-main.main":3, "PID-1-G-5-main.bar":2}
SCHEDULE GoID 5 Status runnable
PID-1-G-5-main.bar {"PID-1-G-5-main.bar":3, "PID-1-G-1-main.main":3}
SYSCALL OPEN
PID-1-G-5-main.bar {"PID-1-G-5-main.bar":4, "PID-1-G-1-main.main":3}
SYSCALL READ
PID-1-G-5-main.bar {"PID-1-G-5-main.bar":5, "PID-1-G-1-main.main":3}
SYSCALL CLOSE
PID-1-G-5-main.bar {"PID-1-G-5-main.bar":6, "PID-1-G-1-main.main":3}
SYSCALL SLEEP
PID-1-G-6-runtime.timerproc {"PID-1-G-6-runtime.timerproc":1}
THREAD GoID 6 Status runnable
PID-1-G-5-main.bar {"PID-1-G-5-main.bar":7, "PID-1-G-1-main.main":3}
SCHEDULE GoID 6 Status runnable
PID-1-G-6-runtime.timerproc {"PID-1-G-5-main.bar":7, "PID-1-G-1-main.main":3, "PID-1-G-6-runtime.timerproc":2}
SCHEDULE GoID 6 Status runnable
PID-1-G-6-runtime.timerproc {"PID-1-G-6-runtime.timerproc":3, "PID-1-G-5-main.bar":7, "PID-1-G-1-main.main":3}
SCHEDULE GoID 5 Status runnable
PID-1-G-5-main.bar {"PID-1-G-5-main.bar":8, "PID-1-G-1-main.main":3, "PID-1-G-6-runtime.timerproc":3}
SCHEDULE GoID 5 Status runnable
PID-1-G-5-main.bar {"PID-1-G-5-main.bar":9, "PID-1-G-1-main.main":3, "PID-1-G-6-runtime.timerproc":3}
SCHEDULE GoID 3 Status runnable
PID-1-G-3-runtime.createfing {"PID-1-G-3-runtime.createfing":1, "PID-1-G-5-main.bar":9, "PID-1-G-1-main.main":3, "PID-1-G-6-runtime.timerproc":3}
SCHEDULE GoID 3 Status runnable
PID-1-G-3-runtime.createfing {"PID-1-G-5-main.bar":9, "PID-1-G-1-main.main":3, "PID-1-G-6-runtime.timerproc":3, "PID-1-G-3-runtime.createfing":2}
SCHEDULE GoID 4 Status runnable
PID-1-G-4-main.foo {"PID-1-G-4-main.foo":2, "PID-1-G-5-main.bar":9, "PID-1-G-1-main.main":3, "PID-1-G-6-runtime.timerproc":3, "PID-1-G-3-runtime.createfing":2}
SCHEDULE GoID 4 Status runnable
PID-1-G-4-main.foo {"PID-1-G-5-main.bar":9, "PID-1-G-1-main.main":3, "PID-1-G-6-runtime.timerproc":3, "PID-1-G-3-runtime.createfing":2, "PID-1-G-4-main.foo":3}
SYSCALL OPEN
PID-1-G-4-main.foo {"PID-1-G-6-runtime.timerproc":3, "PID-1-G-3-runtime.createfing":2, "PID-1-G-4-main.foo":4, "PID-1-G-5-main.bar":9, "PID-1-G-1-main.main":3}
SYSCALL READ
PID-1-G-4-main.foo {"PID-1-G-3-runtime.createfing":2, "PID-1-G-4-main.foo":5, "PID-1-G-5-main.bar":9, "PID-1-G-1-main.main":3, "PID-1-G-6-runtime.timerproc":3}
SYSCALL CLOSE
PID-1-G-4-main.foo {"PID-1-G-5-main.bar":9, "PID-1-G-1-main.main":3, "PID-1-G-6-runtime.timerproc":3, "PID-1-G-3-runtime.createfing":2, "PID-1-G-4-main.foo":6}
SYSCALL SLEEP
PID-1-G-4-main.foo {"PID-1-G-6-runtime.timerproc":3, "PID-1-G-3-runtime.createfing":2, "PID-1-G-4-main.foo":7, "PID-1-G-5-main.bar":9, "PID-1-G-1-main.main":3}
SCHEDULE GoID 6 Status runnable
PID-1-G-6-runtime.timerproc {"PID-1-G-5-main.bar":9, "PID-1-G-1-main.main":3, "PID-1-G-4-main.foo":7, "PID-1-G-3-runtime.createfing":2, "PID-1-G-6-runtime.timerproc":4}
SCHEDULE GoID 6 Status runnable
PID-1-G-6-runtime.timerproc {"PID-1-G-1-main.main":3, "PID-1-G-4-main.foo":7, "PID-1-G-3-runtime.createfing":2, "PID-1-G-6-runtime.timerproc":5, "PID-1-G-5-main.bar":9}
SCHEDULE GoID 4 Status runnable
PID-1-G-4-main.foo {"PID-1-G-4-main.foo":8, "PID-1-G-5-main.bar":9, "PID-1-G-1-main.main":3, "PID-1-G-6-runtime.timerproc":5, "PID-1-G-3-runtime.createfing":2}
SCHEDULE GoID 4 Status runnable
PID-1-G-4-main.foo {"PID-1-G-5-main.bar":9, "PID-1-G-1-main.main":3, "PID-1-G-6-runtime.timerproc":5, "PID-1-G-3-runtime.createfing":2, "PID-1-G-4-main.foo":9}
SCHEDULE GoID 1 Status runnable
PID-1-G-1-main.main {"PID-1-G-1-main.main":4, "PID-1-G-4-main.foo":9, "PID-1-G-5-main.bar":9, "PID-1-G-6-runtime.timerproc":5, "PID-1-G-3-runtime.createfing":2}
SCHEDULE GoID 1 Status runnable
PID-1-G-1-main.main {"PID-1-G-1-main.main":5, "PID-1-G-4-main.foo":9, "PID-1-G-5-main.bar":9, "PID-1-G-6-runtime.timerproc":5, "PID-1-G-3-runtime.createfing":2}
SYSCALL GETENV
PID-1-G-1-main.main {"PID-1-G-1-main.main":6, "PID-1-G-4-main.foo":9, "PID-1-G-5-main.bar":9, "PID-1-G-6-runtime.timerproc":5, "PID-1-G-3-runtime.createfing":2}
SYSCALL TIMENOW
PID-1-G-1-main.main {"PID-1-G-6-runtime.timerproc":5, "PID-1-G-3-runtime.createfing":2, "PID-1-G-1-main.main":7, "PID-1-G-4-main.foo":9, "PID-1-G-5-main.bar":9}
SYSCALL WRITE
PID-1-G-1-main.main {"PID-1-G-4-main.foo":9, "PID-1-G-5-main.bar":9, "PID-1-G-6-runtime.timerproc":5, "PID-1-G-3-runtime.createfing":2, "PID-1-G-1-main.main":8}
SYSCALL TIMENOW
PID-1-G-1-main.main {"PID-1-G-1-main.main":9, "PID-1-G-4-main.foo":9, "PID-1-G-5-main.bar":9, "PID-1-G-6-runtime.timerproc":5, "PID-1-G-3-runtime.createfing":2}
SYSCALL WRITE
PID-1-G-1-main.main {"PID-1-G-1-main.main":10, "PID-1-G-4-main.foo":9, "PID-1-G-5-main.bar":9, "PID-1-G-6-runtime.timerproc":5, "PID-1-G-3-runtime.createfing":2}
END
